<?xml version="1.0" encoding="UTF-8"?>
<!-- Generated by org.testng.reporters.JUnitReportReporter -->
<testsuite hostname="Melvins-MacBook-Air.local" failures="0" tests="8" name="Flamingo" time="79.011" errors="0" timestamp="2023-09-09T00:55:58 IST" skipped="0">
  <testcase classname="Flamingo" name="homePage" time="4.573"/>
  <testcase classname="Flamingo" name="addItems" time="31.875"/>
  <testcase classname="Flamingo" name="showCart" time="1.912"/>
  <testcase classname="Flamingo" name="removeItem" time="3.247"/>
  <testcase classname="Flamingo" name="addAnotherItem" time="13.760"/>
  <testcase classname="Flamingo" name="checkout" time="2.105"/>
  <testcase classname="Flamingo" name="formFill" time="16.429"/>
  <testcase classname="Flamingo" name="payment" time="5.110"/>
</testsuite> <!-- Flamingo -->
